2025-12-29 22:44:17 INFO  org.mongodb.driver.cluster - Exception in monitor thread while connecting to server ac-4zayhjw-shard-00-02.412gaac.mongodb.net:27017
com.mongodb.MongoSocketWriteException: Exception sending message
	at com.mongodb.internal.connection.InternalStreamConnection.translateWriteException(InternalStreamConnection.java:714)
	at com.mongodb.internal.connection.InternalStreamConnection.sendMessage(InternalStreamConnection.java:587)
	at com.mongodb.internal.connection.InternalStreamConnection.sendCommandMessage(InternalStreamConnection.java:419)
	at com.mongodb.internal.connection.InternalStreamConnection.sendAndReceive(InternalStreamConnection.java:364)
	at com.mongodb.internal.connection.CommandHelper.sendAndReceive(CommandHelper.java:92)
	at com.mongodb.internal.connection.CommandHelper.executeCommand(CommandHelper.java:48)
	at com.mongodb.internal.connection.InternalStreamConnectionInitializer.initializeConnectionDescription(InternalStreamConnectionInitializer.java:130)
	at com.mongodb.internal.connection.InternalStreamConnectionInitializer.startHandshake(InternalStreamConnectionInitializer.java:78)
	at com.mongodb.internal.connection.InternalStreamConnection.open(InternalStreamConnection.java:213)
	at com.mongodb.internal.connection.DefaultServerMonitor$ServerMonitorRunnable.lookupServerDescription(DefaultServerMonitor.java:193)
	at com.mongodb.internal.connection.DefaultServerMonitor$ServerMonitorRunnable.run(DefaultServerMonitor.java:153)
	at java.base/java.lang.Thread.run(Thread.java:840)
Caused by: java.net.SocketTimeoutException: Read timed out
	at java.base/sun.nio.ch.NioSocketImpl.timedRead(NioSocketImpl.java:288)
	at java.base/sun.nio.ch.NioSocketImpl.implRead(NioSocketImpl.java:314)
	at java.base/sun.nio.ch.NioSocketImpl.read(NioSocketImpl.java:355)
	at java.base/sun.nio.ch.NioSocketImpl$1.read(NioSocketImpl.java:808)
	at java.base/java.net.Socket$SocketInputStream.read(Socket.java:966)
	at java.base/sun.security.ssl.SSLSocketInputRecord.read(SSLSocketInputRecord.java:484)
	at java.base/sun.security.ssl.SSLSocketInputRecord.readHeader(SSLSocketInputRecord.java:478)
	at java.base/sun.security.ssl.SSLSocketInputRecord.decode(SSLSocketInputRecord.java:160)
	at java.base/sun.security.ssl.SSLTransport.decode(SSLTransport.java:111)
	at java.base/sun.security.ssl.SSLSocketImpl.decode(SSLSocketImpl.java:1510)
	at java.base/sun.security.ssl.SSLSocketImpl.readHandshakeRecord(SSLSocketImpl.java:1425)
	at java.base/sun.security.ssl.SSLSocketImpl.startHandshake(SSLSocketImpl.java:455)
	at java.base/sun.security.ssl.SSLSocketImpl.ensureNegotiated(SSLSocketImpl.java:925)
	at java.base/sun.security.ssl.SSLSocketImpl$AppOutputStream.write(SSLSocketImpl.java:1295)
	at com.mongodb.internal.connection.SocketStream.write(SocketStream.java:164)
	at com.mongodb.internal.connection.InternalStreamConnection.sendMessage(InternalStreamConnection.java:584)
	... 10 common frames omitted
2025-12-29 22:44:24 INFO  org.mongodb.driver.cluster - Monitor thread successfully connected to server with description ServerDescription{address=ac-4zayhjw-shard-00-00.412gaac.mongodb.net:27017, type=REPLICA_SET_SECONDARY, state=CONNECTED, ok=true, minWireVersion=0, maxWireVersion=25, maxDocumentSize=16777216, logicalSessionTimeoutMinutes=30, roundTripTimeNanos=13211988625, setName='atlas-g4gqi8-shard-0', canonicalAddress=ac-4zayhjw-shard-00-00.412gaac.mongodb.net:27017, hosts=[ac-4zayhjw-shard-00-00.412gaac.mongodb.net:27017, ac-4zayhjw-shard-00-01.412gaac.mongodb.net:27017, ac-4zayhjw-shard-00-02.412gaac.mongodb.net:27017], passives=[], arbiters=[], primary='ac-4zayhjw-shard-00-01.412gaac.mongodb.net:27017', tagSet=TagSet{[Tag{name='availabilityZone', value='aps1-az1'}, Tag{name='diskState', value='READY'}, Tag{name='nodeType', value='ELECTABLE'}, Tag{name='provider', value='AWS'}, Tag{name='region', value='AP_SOUTH_1'}, Tag{name='workloadType', value='OPERATIONAL'}]}, electionId=null, setVersion=10, topologyVersion=TopologyVersion{processId=6942d3c6aa45c1ae6e07a84c, counter=4}, lastWriteDate=Mon Dec 29 22:44:22 IST 2025, lastUpdateTimeNanos=162587657187250}
2025-12-29 22:44:30 INFO  org.mongodb.driver.cluster - Monitor thread successfully connected to server with description ServerDescription{address=ac-4zayhjw-shard-00-02.412gaac.mongodb.net:27017, type=REPLICA_SET_SECONDARY, state=CONNECTED, ok=true, minWireVersion=0, maxWireVersion=25, maxDocumentSize=16777216, logicalSessionTimeoutMinutes=30, roundTripTimeNanos=846155958, setName='atlas-g4gqi8-shard-0', canonicalAddress=ac-4zayhjw-shard-00-02.412gaac.mongodb.net:27017, hosts=[ac-4zayhjw-shard-00-00.412gaac.mongodb.net:27017, ac-4zayhjw-shard-00-01.412gaac.mongodb.net:27017, ac-4zayhjw-shard-00-02.412gaac.mongodb.net:27017], passives=[], arbiters=[], primary='ac-4zayhjw-shard-00-01.412gaac.mongodb.net:27017', tagSet=TagSet{[Tag{name='availabilityZone', value='aps1-az3'}, Tag{name='diskState', value='READY'}, Tag{name='nodeType', value='ELECTABLE'}, Tag{name='provider', value='AWS'}, Tag{name='region', value='AP_SOUTH_1'}, Tag{name='workloadType', value='OPERATIONAL'}]}, electionId=null, setVersion=10, topologyVersion=TopologyVersion{processId=6942d4398dfca4310aab8aa2, counter=3}, lastWriteDate=Mon Dec 29 22:44:27 IST 2025, lastUpdateTimeNanos=162593380552291}
2025-12-29 22:44:34 INFO  org.mongodb.driver.cluster - Monitor thread successfully connected to server with description ServerDescription{address=ac-4zayhjw-shard-00-01.412gaac.mongodb.net:27017, type=REPLICA_SET_PRIMARY, state=CONNECTED, ok=true, minWireVersion=0, maxWireVersion=25, maxDocumentSize=16777216, logicalSessionTimeoutMinutes=30, roundTripTimeNanos=16228950292, setName='atlas-g4gqi8-shard-0', canonicalAddress=ac-4zayhjw-shard-00-01.412gaac.mongodb.net:27017, hosts=[ac-4zayhjw-shard-00-00.412gaac.mongodb.net:27017, ac-4zayhjw-shard-00-01.412gaac.mongodb.net:27017, ac-4zayhjw-shard-00-02.412gaac.mongodb.net:27017], passives=[], arbiters=[], primary='ac-4zayhjw-shard-00-01.412gaac.mongodb.net:27017', tagSet=TagSet{[Tag{name='availabilityZone', value='aps1-az2'}, Tag{name='diskState', value='READY'}, Tag{name='nodeType', value='ELECTABLE'}, Tag{name='provider', value='AWS'}, Tag{name='region', value='AP_SOUTH_1'}, Tag{name='workloadType', value='OPERATIONAL'}]}, electionId=7fffffff000000000000000b, setVersion=10, topologyVersion=TopologyVersion{processId=6942d3ff4f2be4f3bc3463ec, counter=6}, lastWriteDate=Mon Dec 29 22:44:22 IST 2025, lastUpdateTimeNanos=162597361890708}
2025-12-29 22:44:34 INFO  org.mongodb.driver.cluster - Discovered replica set primary ac-4zayhjw-shard-00-01.412gaac.mongodb.net:27017 with max election id 7fffffff000000000000000b and max set version 10
